<?xml version="1.0" encoding="UTF-8"?>
<!-- Generated by org.testng.reporters.JUnitReportReporter -->
<testsuite hostname="MSDES07" failures="0" tests="1" name="com.demoqa.Testcases.BookStoreApplicationTestcase_06" time="7.170" errors="0" timestamp="2025-01-09T17:25:11 IST" skipped="0">
  <testcase classname="com.demoqa.Testcases.BookStoreApplicationTestcase_06" name="BookStore" time="7.170"/>
  <system-out/>
</testsuite> <!-- com.demoqa.Testcases.BookStoreApplicationTestcase_06 -->
