<?xml version="1.0" encoding="UTF-8"?>
<!-- Generated by org.testng.reporters.JUnitReportReporter -->
<testsuite hostname="MSDES07" failures="0" tests="1" name="com.demoqa.Testcases.AlertsFrameWindowsTestCase_03" time="43.768" errors="0" timestamp="2025-01-09T17:26:42 IST" skipped="0">
  <testcase classname="com.demoqa.Testcases.AlertsFrameWindowsTestCase_03" name="Alerts" time="43.768"/>
  <system-out/>
</testsuite> <!-- com.demoqa.Testcases.AlertsFrameWindowsTestCase_03 -->
