<?xml version="1.0" encoding="UTF-8"?>
<!-- Generated by org.testng.reporters.JUnitReportReporter -->
<testsuite hostname="MSDES07" failures="0" tests="1" name="com.demoqa.Testcases.FormsTestCase_02" time="10.392" errors="0" timestamp="2025-01-09T17:31:30 IST" skipped="0">
  <testcase classname="com.demoqa.Testcases.FormsTestCase_02" name="Forms" time="10.392"/>
  <system-out/>
</testsuite> <!-- com.demoqa.Testcases.FormsTestCase_02 -->
