<?xml version="1.0" encoding="UTF-8"?>
<!-- Generated by org.testng.reporters.JUnitReportReporter -->
<testsuite hostname="MSDES07" failures="0" tests="1" name="com.demoqa.Testcases.BookStoreApplicationTestcase_06" time="9.812" errors="0" timestamp="2025-01-09T16:18:36 IST" skipped="0">
  <testcase classname="com.demoqa.Testcases.BookStoreApplicationTestcase_06" name="BookStore" time="9.812"/>
  <system-out/>
</testsuite> <!-- com.demoqa.Testcases.BookStoreApplicationTestcase_06 -->
